[16:16:27] [ServerMain/INFO]: Environment: authHost='https://authserver.mojang.com', accountsHost='https://api.mojang.com', sessionHost='https://sessionserver.mojang.com', servicesHost='https://api.minecraftservices.com', name='PROD'
[16:16:28] [ServerMain/INFO]: Loaded 7 recipes
[16:16:29] [ServerMain/INFO]: Loaded 1179 advancements
[16:16:29] [Server thread/INFO]: Starting minecraft server version 1.19.4
[16:16:29] [Server thread/INFO]: Loading properties
[16:16:29] [Server thread/INFO]: Default game type: SURVIVAL
[16:16:29] [Server thread/INFO]: Generating keypair
[16:16:29] [Server thread/INFO]: Starting Minecraft server on *:25565
[16:16:29] [Server thread/INFO]: Using epoll channel type
[16:16:29] [Server thread/WARN]: **** SERVER IS RUNNING IN OFFLINE/INSECURE MODE!
[16:16:29] [Server thread/WARN]: The server will make no attempt to authenticate usernames. Beware.
[16:16:29] [Server thread/WARN]: While this makes the game possible to play without internet access, it also opens up the ability for hackers to connect with any username they choose.
[16:16:29] [Server thread/WARN]: To change this, set "online-mode" to "true" in the server.properties file.
[16:16:29] [Server thread/INFO]: Preparing level "world"
[16:16:32] [Server thread/INFO]: Preparing start region for dimension minecraft:overworld
[16:16:36] [Worker-Main-1/INFO]: Preparing spawn area: 0%
[16:16:36] [Worker-Main-2/INFO]: Preparing spawn area: 0%
[16:16:36] [Worker-Main-3/INFO]: Preparing spawn area: 0%
[16:16:36] [Worker-Main-3/INFO]: Preparing spawn area: 0%
[16:16:36] [Worker-Main-3/INFO]: Preparing spawn area: 0%
[16:16:36] [Worker-Main-2/INFO]: Preparing spawn area: 0%
[16:16:36] [Worker-Main-1/INFO]: Preparing spawn area: 0%
[16:16:36] [Worker-Main-1/INFO]: Preparing spawn area: 0%
[16:16:36] [Worker-Main-1/INFO]: Preparing spawn area: 0%
[16:16:36] [Worker-Main-2/INFO]: Preparing spawn area: 34%
[16:16:37] [Server thread/INFO]: Time elapsed: 4800 ms
[16:16:37] [Server thread/INFO]: Done (7.425s)! For help, type "help"
[16:16:43] [Server thread/INFO]: refkunMC[/127.58.234.188:53773] logged in with entity id 91 at (33.60172173483514, 151.5625, -16.030739244047105)
[16:16:43] [Server thread/INFO]: refkunMC joined the game
[16:19:06] [Server thread/INFO]: Stopping the server
[16:19:06] [Server thread/INFO]: Stopping server
[16:19:06] [Server thread/INFO]: Saving players
[16:19:06] [Server thread/INFO]: Saving worlds
[16:19:07] [Server thread/INFO]: Saving chunks for level 'ServerLevel[world]'/minecraft:overworld
[16:19:07] [Server thread/INFO]: Saving chunks for level 'ServerLevel[world]'/minecraft:the_end
[16:19:07] [Server thread/INFO]: Saving chunks for level 'ServerLevel[world]'/minecraft:the_nether
[16:19:07] [Server thread/INFO]: ThreadedAnvilChunkStorage (world): All chunks are saved
[16:19:07] [Server thread/INFO]: ThreadedAnvilChunkStorage (DIM1): All chunks are saved
[16:19:07] [Server thread/INFO]: ThreadedAnvilChunkStorage (DIM-1): All chunks are saved
[16:19:07] [Server thread/INFO]: ThreadedAnvilChunkStorage: All dimensions are saved
